<?xml version="1.0" encoding="UTF-8"?>
<!-- Generated by org.testng.reporters.JUnitReportReporter -->
<testsuite skipped="0" hostname="admin-PC" name="com.jose.autotest.NewTest" tests="1" failures="0" timestamp="07 八月 2018 14:21:45 GMT" time="3.064" errors="0">
  <testcase name="f" time="3.064" classname="com.jose.autotest.NewTest"/>
</testsuite> <!-- com.jose.autotest.NewTest -->
